2025-05-06 14:15:58,482 - INFO - 开始处理数据...
2025-05-06 14:15:59,588 - INFO - 数据读取完成，开始处理...
2025-05-06 14:16:00,750 - INFO - 
=== 时间单位转换结果验证 ===
2025-05-06 14:16:00,750 - INFO - 设备数据:
2025-05-06 14:16:00,751 - INFO - 总运行时间范围: 1009.97 - 4973.00 小时
2025-05-06 14:16:00,751 - INFO - 故障持续时间范围: 0.00 - 13.77 小时
2025-05-06 14:16:00,751 - INFO - 
人员操作数据:
2025-05-06 14:16:00,751 - INFO - 操作时长范围: -5.12 - 84.59 小时
2025-05-06 14:16:01,091 - INFO - 
数据处理完成，已保存到: data\processed_test_data.xlsx
2025-05-06 14:17:18,744 - INFO - 开始处理数据...
2025-05-06 14:17:19,829 - INFO - 数据读取完成，开始处理...
2025-05-06 14:17:20,954 - INFO - 
=== 时间单位转换结果验证 ===
2025-05-06 14:17:20,954 - INFO - 设备数据:
2025-05-06 14:17:20,954 - INFO - 总运行时间范围: 1009.97 - 4973.00 小时
2025-05-06 14:17:20,954 - INFO - 故障持续时间范围: 0.00 - 13.77 小时
2025-05-06 14:17:20,954 - INFO - 
人员操作数据:
2025-05-06 14:17:20,954 - INFO - 操作时长范围: -5.12 - 84.59 小时
2025-05-06 14:17:21,260 - INFO - 
数据处理完成，已保存到: data\processed_test_data.xlsx
2025-05-06 14:17:21,264 - INFO - 
=== 处理结果统计 ===
2025-05-06 14:17:21,264 - INFO - 
设备数据:
2025-05-06 14:17:21,264 - INFO -   记录数: 1000
2025-05-06 14:17:21,264 - INFO -   有效设备ID数: 858
2025-05-06 14:17:21,264 - INFO -   时间戳完整率: 100.00
2025-05-06 14:17:21,264 - INFO - 
人员操作数据:
2025-05-06 14:17:21,264 - INFO -   记录数: 500
2025-05-06 14:17:21,264 - INFO -   有效工号数: 427
2025-05-06 14:17:21,264 - INFO -   时间戳完整率: 100.00
2025-05-06 14:17:21,264 - INFO - 
物料数据:
2025-05-06 14:17:21,264 - INFO -   记录数: 300
2025-05-06 14:17:21,264 - INFO -   有效物料编号数: 261
2025-05-06 14:17:21,264 - INFO -   日期完整率: 100.00
2025-05-06 14:17:21,264 - INFO - 
环境数据:
2025-05-06 14:17:21,264 - INFO -   记录数: 2000
2025-05-06 14:17:21,264 - INFO -   有效传感器ID数: 1794
2025-05-06 14:17:21,264 - INFO -   时间戳完整率: 100.00
2025-05-06 14:17:37,155 - INFO - 开始处理数据...
2025-05-06 14:17:38,200 - INFO - 数据读取完成，开始处理...
2025-05-06 14:17:39,335 - INFO - 
=== 时间单位转换结果验证 ===
2025-05-06 14:17:39,335 - INFO - 设备数据:
2025-05-06 14:17:39,335 - INFO - 总运行时间范围: 1009.97 - 4973.00 小时
2025-05-06 14:17:39,335 - INFO - 故障持续时间范围: 0.00 - 13.77 小时
2025-05-06 14:17:39,335 - INFO - 
人员操作数据:
2025-05-06 14:17:39,335 - INFO - 操作时长范围: -5.12 - 84.59 小时
2025-05-06 14:17:39,633 - INFO - 
数据处理完成，已保存到: data\processed_test_data.xlsx
2025-05-06 14:17:39,633 - INFO - 
=== 处理结果统计 ===
2025-05-06 14:17:39,633 - INFO - 
设备数据:
2025-05-06 14:17:39,633 - INFO -   记录数: 1000
2025-05-06 14:17:39,633 - INFO -   有效设备ID数: 858
2025-05-06 14:17:39,633 - INFO -   时间戳完整率: 100.00
2025-05-06 14:17:39,633 - INFO - 
人员操作数据:
2025-05-06 14:17:39,633 - INFO -   记录数: 500
2025-05-06 14:17:39,633 - INFO -   有效工号数: 427
2025-05-06 14:17:39,633 - INFO -   时间戳完整率: 100.00
2025-05-06 14:17:39,633 - INFO - 
物料数据:
2025-05-06 14:17:39,633 - INFO -   记录数: 300
2025-05-06 14:17:39,633 - INFO -   有效物料编号数: 261
2025-05-06 14:17:39,633 - INFO -   日期完整率: 100.00
2025-05-06 14:17:39,633 - INFO - 
环境数据:
2025-05-06 14:17:39,633 - INFO -   记录数: 2000
2025-05-06 14:17:39,633 - INFO -   有效传感器ID数: 1794
2025-05-06 14:17:39,633 - INFO -   时间戳完整率: 100.00
2025-05-06 14:20:56,430 - INFO - 开始处理数据...
2025-05-06 14:20:57,578 - INFO - 数据读取完成，开始处理...
2025-05-06 14:20:57,796 - WARNING - 无法转换时间值: -
2025-05-06 14:20:57,796 - WARNING - 无法转换时间值: -
2025-05-06 14:20:57,796 - WARNING - 无法转换时间值: -
2025-05-06 14:20:57,796 - WARNING - 无法转换时间值: -
2025-05-06 14:20:57,796 - WARNING - 无法转换时间值: -
2025-05-06 14:20:57,796 - WARNING - 无法转换时间值: -
2025-05-06 14:20:57,797 - WARNING - 无法转换时间值: -
2025-05-06 14:20:57,797 - WARNING - 无法转换时间值: -
2025-05-06 14:20:57,797 - WARNING - 无法转换时间值: -
2025-05-06 14:20:57,797 - WARNING - 无法转换时间值: -
2025-05-06 14:20:57,797 - WARNING - 无法转换时间值: -
2025-05-06 14:20:57,797 - WARNING - 无法转换时间值: -
2025-05-06 14:20:57,797 - WARNING - 无法转换时间值: -
2025-05-06 14:20:57,797 - WARNING - 无法转换时间值: -
2025-05-06 14:20:57,797 - WARNING - 无法转换时间值: -
2025-05-06 14:20:57,797 - WARNING - 无法转换时间值: -
2025-05-06 14:20:57,797 - WARNING - 无法转换时间值: -
2025-05-06 14:20:57,797 - WARNING - 无法转换时间值: -
2025-05-06 14:20:57,797 - WARNING - 无法转换时间值: -
2025-05-06 14:20:57,797 - WARNING - 无法转换时间值: -
2025-05-06 14:20:57,797 - WARNING - 无法转换时间值: -
2025-05-06 14:20:57,797 - WARNING - 无法转换时间值: -
2025-05-06 14:20:57,797 - WARNING - 无法转换时间值: -
2025-05-06 14:20:57,797 - WARNING - 无法转换时间值: -
2025-05-06 14:20:57,797 - WARNING - 无法转换时间值: -
2025-05-06 14:20:57,797 - WARNING - 无法转换时间值: -
2025-05-06 14:20:57,797 - WARNING - 无法转换时间值: -
2025-05-06 14:20:57,797 - WARNING - 无法转换时间值: -
2025-05-06 14:20:57,797 - WARNING - 无法转换时间值: -
2025-05-06 14:20:57,797 - WARNING - 无法转换时间值: -
2025-05-06 14:20:57,797 - WARNING - 无法转换时间值: -
2025-05-06 14:20:57,797 - WARNING - 无法转换时间值: -
2025-05-06 14:20:57,797 - WARNING - 无法转换时间值: -
2025-05-06 14:20:57,797 - WARNING - 无法转换时间值: -
2025-05-06 14:20:57,797 - WARNING - 无法转换时间值: -
2025-05-06 14:20:57,797 - WARNING - 无法转换时间值: -
2025-05-06 14:20:57,797 - WARNING - 无法转换时间值: -
2025-05-06 14:20:57,797 - WARNING - 无法转换时间值: -
2025-05-06 14:20:57,797 - WARNING - 无法转换时间值: -
2025-05-06 14:20:57,798 - WARNING - 无法转换时间值: -
2025-05-06 14:20:57,798 - WARNING - 无法转换时间值: -
2025-05-06 14:20:57,798 - WARNING - 无法转换时间值: -
2025-05-06 14:20:57,798 - WARNING - 无法转换时间值: -
2025-05-06 14:20:57,798 - WARNING - 无法转换时间值: -
2025-05-06 14:20:57,798 - WARNING - 无法转换时间值: -
2025-05-06 14:20:57,798 - WARNING - 无法转换时间值: -
2025-05-06 14:20:57,798 - WARNING - 无法转换时间值: -
2025-05-06 14:20:57,798 - WARNING - 无法转换时间值: -
2025-05-06 14:20:57,798 - WARNING - 无法转换时间值: -
2025-05-06 14:20:57,798 - WARNING - 无法转换时间值: -
2025-05-06 14:20:57,798 - WARNING - 无法转换时间值: -
2025-05-06 14:20:57,798 - WARNING - 无法转换时间值: -
2025-05-06 14:20:57,798 - WARNING - 无法转换时间值: -
2025-05-06 14:20:57,798 - WARNING - 无法转换时间值: -
2025-05-06 14:20:57,798 - WARNING - 无法转换时间值: -
2025-05-06 14:20:57,798 - WARNING - 无法转换时间值: -
2025-05-06 14:20:57,798 - WARNING - 无法转换时间值: -
2025-05-06 14:20:57,798 - WARNING - 无法转换时间值: -
2025-05-06 14:20:57,798 - WARNING - 无法转换时间值: -
2025-05-06 14:20:57,798 - WARNING - 无法转换时间值: -
2025-05-06 14:20:57,798 - WARNING - 无法转换时间值: -
2025-05-06 14:20:57,798 - WARNING - 无法转换时间值: -
2025-05-06 14:20:57,798 - WARNING - 无法转换时间值: -
2025-05-06 14:20:57,798 - WARNING - 无法转换时间值: -
2025-05-06 14:20:57,798 - WARNING - 无法转换时间值: -
2025-05-06 14:20:57,798 - WARNING - 无法转换时间值: -
2025-05-06 14:20:57,798 - WARNING - 无法转换时间值: -
2025-05-06 14:20:57,806 - WARNING - 无法转换时间值: -
2025-05-06 14:20:57,806 - WARNING - 无法转换时间值: -
2025-05-06 14:20:57,806 - WARNING - 无法转换时间值: -
2025-05-06 14:20:57,806 - WARNING - 无法转换时间值: -
2025-05-06 14:20:57,806 - WARNING - 无法转换时间值: -
2025-05-06 14:20:57,806 - WARNING - 无法转换时间值: -
2025-05-06 14:20:57,806 - WARNING - 无法转换时间值: -
2025-05-06 14:20:57,806 - WARNING - 无法转换时间值: -
2025-05-06 14:20:57,806 - WARNING - 无法转换时间值: -
2025-05-06 14:20:57,806 - WARNING - 无法转换时间值: -
2025-05-06 14:20:57,806 - WARNING - 无法转换时间值: -
2025-05-06 14:20:57,806 - WARNING - 无法转换时间值: -
2025-05-06 14:20:57,806 - WARNING - 无法转换时间值: -
2025-05-06 14:20:57,806 - WARNING - 无法转换时间值: -
2025-05-06 14:20:57,806 - WARNING - 无法转换时间值: -
2025-05-06 14:20:57,806 - WARNING - 无法转换时间值: -
2025-05-06 14:20:57,806 - WARNING - 无法转换时间值: -
2025-05-06 14:20:57,806 - WARNING - 无法转换时间值: -
2025-05-06 14:20:57,806 - WARNING - 无法转换时间值: -
2025-05-06 14:20:57,806 - WARNING - 无法转换时间值: -
2025-05-06 14:20:57,806 - WARNING - 无法转换时间值: -
2025-05-06 14:20:57,806 - WARNING - 无法转换时间值: -
2025-05-06 14:20:57,806 - WARNING - 无法转换时间值: -
2025-05-06 14:20:57,806 - WARNING - 无法转换时间值: -
2025-05-06 14:20:57,806 - WARNING - 无法转换时间值: -
2025-05-06 14:20:57,806 - WARNING - 无法转换时间值: -
2025-05-06 14:20:57,806 - WARNING - 无法转换时间值: -
2025-05-06 14:20:57,806 - WARNING - 无法转换时间值: -
2025-05-06 14:20:57,806 - WARNING - 无法转换时间值: -
2025-05-06 14:20:57,806 - WARNING - 无法转换时间值: -
2025-05-06 14:20:57,806 - WARNING - 无法转换时间值: -
2025-05-06 14:20:57,806 - WARNING - 无法转换时间值: -
2025-05-06 14:20:57,806 - WARNING - 无法转换时间值: -
2025-05-06 14:20:57,806 - WARNING - 无法转换时间值: -
2025-05-06 14:20:57,806 - WARNING - 无法转换时间值: -
2025-05-06 14:20:57,806 - WARNING - 无法转换时间值: -
2025-05-06 14:20:57,806 - WARNING - 无法转换时间值: -
2025-05-06 14:20:57,806 - WARNING - 无法转换时间值: -
2025-05-06 14:20:57,808 - WARNING - 无法转换时间值: -
2025-05-06 14:20:57,808 - WARNING - 无法转换时间值: -
2025-05-06 14:20:57,808 - WARNING - 无法转换时间值: -
2025-05-06 14:20:57,808 - WARNING - 无法转换时间值: -
2025-05-06 14:20:57,808 - WARNING - 无法转换时间值: -
2025-05-06 14:20:57,808 - WARNING - 无法转换时间值: -
2025-05-06 14:20:57,808 - WARNING - 无法转换时间值: -
2025-05-06 14:20:57,808 - WARNING - 无法转换时间值: -
2025-05-06 14:20:57,808 - WARNING - 无法转换时间值: -
2025-05-06 14:20:57,808 - WARNING - 无法转换时间值: -
2025-05-06 14:20:57,808 - WARNING - 无法转换时间值: -
2025-05-06 14:20:57,809 - WARNING - 无法转换时间值: -
2025-05-06 14:20:57,809 - WARNING - 无法转换时间值: -
2025-05-06 14:20:57,809 - WARNING - 无法转换时间值: -
2025-05-06 14:20:57,809 - WARNING - 无法转换时间值: -
2025-05-06 14:20:57,809 - WARNING - 无法转换时间值: -
2025-05-06 14:20:57,809 - WARNING - 无法转换时间值: -
2025-05-06 14:20:57,809 - WARNING - 无法转换时间值: -
2025-05-06 14:20:57,809 - WARNING - 无法转换时间值: -
2025-05-06 14:20:57,809 - WARNING - 无法转换时间值: -
2025-05-06 14:20:57,809 - WARNING - 无法转换时间值: -
2025-05-06 14:20:57,809 - WARNING - 无法转换时间值: -
2025-05-06 14:20:57,809 - WARNING - 无法转换时间值: -
2025-05-06 14:20:57,809 - WARNING - 无法转换时间值: -
2025-05-06 14:20:57,809 - WARNING - 无法转换时间值: -
2025-05-06 14:20:57,809 - WARNING - 无法转换时间值: -
2025-05-06 14:20:57,809 - WARNING - 无法转换时间值: -
2025-05-06 14:20:57,809 - WARNING - 无法转换时间值: -
2025-05-06 14:20:57,809 - WARNING - 无法转换时间值: -
2025-05-06 14:20:57,821 - WARNING - 无法转换时间值: -
2025-05-06 14:20:57,821 - WARNING - 无法转换时间值: -
2025-05-06 14:20:57,821 - WARNING - 无法转换时间值: -
2025-05-06 14:20:57,821 - WARNING - 无法转换时间值: -
2025-05-06 14:20:57,821 - WARNING - 无法转换时间值: -
2025-05-06 14:20:57,821 - WARNING - 无法转换时间值: -
2025-05-06 14:20:57,821 - WARNING - 无法转换时间值: -
2025-05-06 14:20:57,821 - WARNING - 无法转换时间值: -
2025-05-06 14:20:57,821 - WARNING - 无法转换时间值: -
2025-05-06 14:20:57,821 - WARNING - 无法转换时间值: -
2025-05-06 14:20:57,821 - WARNING - 无法转换时间值: -
2025-05-06 14:20:57,821 - WARNING - 无法转换时间值: -
2025-05-06 14:20:57,821 - WARNING - 无法转换时间值: -
2025-05-06 14:20:58,780 - INFO - 
=== 时间单位转换结果验证 ===
2025-05-06 14:20:58,780 - INFO - 设备数据:
2025-05-06 14:20:58,780 - INFO - 总运行时间范围: 4.02 - 11.98 小时
2025-05-06 14:20:58,780 - INFO - 故障持续时间范围: 0.00 - 2.18 小时
2025-05-06 14:20:58,780 - INFO - 
人员操作数据:
2025-05-06 14:20:58,780 - INFO - 操作时长范围: 11.91 - 89.06 小时
2025-05-06 14:20:59,100 - INFO - 
数据处理完成，已保存到: data\processed_test_data.xlsx
2025-05-06 14:20:59,102 - INFO - 
=== 处理结果统计 ===
2025-05-06 14:20:59,102 - INFO - 
设备数据:
2025-05-06 14:20:59,102 - INFO -   记录数: 1000
2025-05-06 14:20:59,102 - INFO -   有效设备ID数: 857
2025-05-06 14:20:59,102 - INFO -   时间戳完整率: 100.00
2025-05-06 14:20:59,102 - INFO - 
人员操作数据:
2025-05-06 14:20:59,102 - INFO -   记录数: 500
2025-05-06 14:20:59,102 - INFO -   有效工号数: 413
2025-05-06 14:20:59,102 - INFO -   时间戳完整率: 100.00
2025-05-06 14:20:59,102 - INFO - 
物料数据:
2025-05-06 14:20:59,102 - INFO -   记录数: 300
2025-05-06 14:20:59,102 - INFO -   有效物料编号数: 258
2025-05-06 14:20:59,102 - INFO -   日期完整率: 100.00
2025-05-06 14:20:59,102 - INFO - 
环境数据:
2025-05-06 14:20:59,102 - INFO -   记录数: 2000
2025-05-06 14:20:59,102 - INFO -   有效传感器ID数: 1786
2025-05-06 14:20:59,102 - INFO -   时间戳完整率: 100.00
2025-05-06 14:23:43,829 - INFO - 开始处理数据...
2025-05-06 14:23:44,935 - INFO - 数据读取完成，开始处理...
2025-05-06 14:23:46,109 - INFO - 
=== 时间单位转换结果验证 ===
2025-05-06 14:23:46,110 - INFO - 设备数据:
2025-05-06 14:23:46,110 - INFO - 总运行时间范围: 4.02 - 11.98 小时
2025-05-06 14:23:46,110 - INFO - 故障持续时间范围: 0.00 - 2.18 小时
2025-05-06 14:23:46,110 - INFO - 
人员操作数据:
2025-05-06 14:23:46,110 - INFO - 操作时长范围: 11.91 - 89.06 小时
2025-05-06 14:23:46,409 - INFO - 
数据处理完成，已保存到: data\processed_test_data.xlsx
2025-05-06 14:23:46,425 - INFO - 
=== 处理结果统计 ===
2025-05-06 14:23:46,425 - INFO - 
设备数据:
2025-05-06 14:23:46,425 - INFO -   记录数: 1000
2025-05-06 14:23:46,425 - INFO -   有效设备ID数: 857
2025-05-06 14:23:46,425 - INFO -   时间戳完整率: 100.00
2025-05-06 14:23:46,425 - INFO - 
人员操作数据:
2025-05-06 14:23:46,425 - INFO -   记录数: 500
2025-05-06 14:23:46,425 - INFO -   有效工号数: 413
2025-05-06 14:23:46,425 - INFO -   时间戳完整率: 100.00
2025-05-06 14:23:46,425 - INFO - 
物料数据:
2025-05-06 14:23:46,425 - INFO -   记录数: 300
2025-05-06 14:23:46,425 - INFO -   有效物料编号数: 258
2025-05-06 14:23:46,425 - INFO -   日期完整率: 100.00
2025-05-06 14:23:46,425 - INFO - 
环境数据:
2025-05-06 14:23:46,425 - INFO -   记录数: 2000
2025-05-06 14:23:46,425 - INFO -   有效传感器ID数: 1786
2025-05-06 14:23:46,425 - INFO -   时间戳完整率: 100.00
2025-05-06 14:32:36,452 - INFO - 开始处理数据...
2025-05-06 14:32:37,572 - INFO - 数据读取完成，开始处理...
2025-05-06 14:32:38,727 - INFO - 
=== 时间单位转换结果验证 ===
2025-05-06 14:32:38,727 - INFO - 设备数据:
2025-05-06 14:32:38,727 - INFO - 总运行时间范围: 4.02 - 12.00 小时
2025-05-06 14:32:38,727 - INFO - 故障持续时间范围: 0.00 - 2.36 小时
2025-05-06 14:32:38,727 - INFO - 
人员操作数据:
2025-05-06 14:32:38,727 - INFO - 操作时长范围: 7.00 - 9.00 小时
2025-05-06 14:32:39,046 - INFO - 
数据处理完成，已保存到: data\processed_test_data.xlsx
2025-05-06 14:32:39,046 - INFO - 
=== 处理结果统计 ===
2025-05-06 14:32:39,046 - INFO - 
设备数据:
2025-05-06 14:32:39,046 - INFO -   记录数: 1000
2025-05-06 14:32:39,046 - INFO -   有效设备ID数: 842
2025-05-06 14:32:39,046 - INFO -   时间戳完整率: 100.00
2025-05-06 14:32:39,046 - INFO - 
人员操作数据:
2025-05-06 14:32:39,046 - INFO -   记录数: 500
2025-05-06 14:32:39,046 - INFO -   有效工号数: 434
2025-05-06 14:32:39,046 - INFO -   时间戳完整率: 100.00
2025-05-06 14:32:39,046 - INFO - 
物料数据:
2025-05-06 14:32:39,046 - INFO -   记录数: 300
2025-05-06 14:32:39,046 - INFO -   有效物料编号数: 263
2025-05-06 14:32:39,046 - INFO -   日期完整率: 100.00
2025-05-06 14:32:39,046 - INFO - 
环境数据:
2025-05-06 14:32:39,046 - INFO -   记录数: 2000
2025-05-06 14:32:39,046 - INFO -   有效传感器ID数: 1792
2025-05-06 14:32:39,046 - INFO -   时间戳完整率: 100.00
2025-05-06 14:36:51,179 - INFO - 开始处理数据...
2025-05-06 14:36:52,373 - INFO - 数据读取完成，开始处理...
2025-05-06 14:36:53,646 - INFO - 
=== 时间单位转换结果验证 ===
2025-05-06 14:36:53,646 - INFO - 设备数据:
2025-05-06 14:36:53,646 - INFO - 总运行时间范围: 4.00 - 11.95 小时
2025-05-06 14:36:53,648 - INFO - 故障持续时间范围: 0.00 - 2.34 小时
2025-05-06 14:36:53,648 - INFO - 
人员操作数据:
2025-05-06 14:36:53,648 - INFO - 操作时长范围: 7.00 - 9.00 小时
2025-05-06 14:36:53,983 - INFO - 
数据处理完成，已保存到: data\processed_test_data.xlsx
2025-05-06 14:36:53,984 - INFO - 
=== 处理结果统计 ===
2025-05-06 14:36:53,984 - INFO - 
设备数据:
2025-05-06 14:36:53,985 - INFO -   记录数: 1000
2025-05-06 14:36:53,985 - INFO -   有效设备ID数: 837
2025-05-06 14:36:53,985 - INFO -   时间戳完整率: 100.00
2025-05-06 14:36:53,985 - INFO - 
人员操作数据:
2025-05-06 14:36:53,985 - INFO -   记录数: 500
2025-05-06 14:36:53,985 - INFO -   有效工号数: 431
2025-05-06 14:36:53,985 - INFO -   时间戳完整率: 100.00
2025-05-06 14:36:53,985 - INFO - 
物料数据:
2025-05-06 14:36:53,985 - INFO -   记录数: 300
2025-05-06 14:36:53,985 - INFO -   有效物料编号数: 263
2025-05-06 14:36:53,985 - INFO -   日期完整率: 100.00
2025-05-06 14:36:53,985 - INFO - 
环境数据:
2025-05-06 14:36:53,985 - INFO -   记录数: 2000
2025-05-06 14:36:53,985 - INFO -   有效传感器ID数: 1800
2025-05-06 14:36:53,985 - INFO -   时间戳完整率: 100.00
