2025-05-06 14:13:41,116 - INFO - 
=== 设备数据检查 ===
2025-05-06 14:13:41,120 - INFO - 设备总记录数: 1000
2025-05-06 14:13:41,120 - INFO - 唯一设备数: 4
2025-05-06 14:13:41,120 - INFO - 设备状态分布:
状态
运行     139
已停机    136
待机     128
故障中    126
故障     115
停机     114
运行中    108
Name: count, dtype: int64
2025-05-06 14:13:41,120 - INFO - 总运行时间范围: 1009.966051983727 - 4972.995522818006
2025-05-06 14:13:41,120 - INFO - 故障持续时间范围: 0.0 - 13.76905433286225
2025-05-06 14:13:41,120 - INFO - 
=== 物料数据检查 ===
2025-05-06 14:13:41,120 - INFO - 物料记录总数: 300
2025-05-06 14:13:41,120 - INFO - 产品数量总和: 243842.20320940058
2025-05-06 14:13:41,120 - INFO - 合格产品数量总和: 230101.6709342525
2025-05-06 14:13:41,120 - INFO - 批次数量: 92
2025-05-06 14:13:41,120 - INFO - 
=== 人员操作数据检查 ===
2025-05-06 14:13:41,120 - INFO - 操作记录总数: 500
2025-05-06 14:13:41,120 - INFO - 操作时长范围: -5.123248882496767 - 84.58956428175897
2025-05-06 14:13:41,120 - INFO - 质检结果分布:
质检结果
NG      68
合格      65
OK      62
PASS    61
不合格     53
FAIL    52
Name: count, dtype: int64
2025-05-06 14:13:41,120 - INFO - 
=== OEE计算详情 ===
2025-05-06 14:13:41,126 - INFO - 
总计划时间: 1592045.16小时
2025-05-06 14:13:41,126 - INFO - 总运行时间: 1591510.18小时
2025-05-06 14:13:41,126 - INFO - 总停机时间: 534.98小时
2025-05-06 14:13:41,126 - INFO - 可用性: 99.97%
2025-05-06 14:13:41,126 - INFO - 
实际产出: 243842.20
2025-05-06 14:13:41,126 - INFO - 理论产出: 4172874713.16
2025-05-06 14:13:41,126 - INFO - 性能效率: 0.01%
2025-05-06 14:13:41,126 - INFO - 
总产品数: 243842.20
2025-05-06 14:13:41,126 - INFO - 合格品数: 230101.67
2025-05-06 14:13:41,126 - INFO - 质量率: 94.36%
2025-05-06 14:13:41,126 - INFO - 
OEE = 99.97% × 0.01% × 94.36% = 0.01%
2025-05-06 14:13:41,126 - INFO - 
=== TEEP计算详情 ===
2025-05-06 14:13:41,126 - INFO - 
=== OEE计算详情 ===
2025-05-06 14:13:41,128 - INFO - 
总计划时间: 1592045.16小时
2025-05-06 14:13:41,128 - INFO - 总运行时间: 1591510.18小时
2025-05-06 14:13:41,128 - INFO - 总停机时间: 534.98小时
2025-05-06 14:13:41,128 - INFO - 可用性: 99.97%
2025-05-06 14:13:41,128 - INFO - 
实际产出: 243842.20
2025-05-06 14:13:41,128 - INFO - 理论产出: 4172874713.16
2025-05-06 14:13:41,128 - INFO - 性能效率: 0.01%
2025-05-06 14:13:41,128 - INFO - 
总产品数: 243842.20
2025-05-06 14:13:41,128 - INFO - 合格品数: 230101.67
2025-05-06 14:13:41,128 - INFO - 质量率: 94.36%
2025-05-06 14:13:41,128 - INFO - 
OEE = 99.97% × 0.01% × 94.36% = 0.01%
2025-05-06 14:13:41,132 - INFO - 日历时间: 8049.96小时
2025-05-06 14:13:41,132 - INFO - 计划生产时间: 610053.30小时
2025-05-06 14:13:41,132 - INFO - 设备利用率: 7578.34%
2025-05-06 14:13:41,132 - INFO - TEEP = 0.01% × 7578.34% = 0.42%
2025-05-06 14:17:14,251 - INFO - 
=== 设备数据检查 ===
2025-05-06 14:17:14,251 - INFO - 设备总记录数: 1000
2025-05-06 14:17:14,251 - INFO - 唯一设备数: 4
2025-05-06 14:17:14,251 - INFO - 设备状态分布:
状态
运行     139
已停机    136
待机     128
故障中    126
故障     115
停机     114
运行中    108
Name: count, dtype: int64
2025-05-06 14:17:14,251 - INFO - 总运行时间范围: 1009.966051983727 - 4972.995522818006
2025-05-06 14:17:14,251 - INFO - 故障持续时间范围: 0.0 - 13.76905433286225
2025-05-06 14:17:14,251 - INFO - 
=== 物料数据检查 ===
2025-05-06 14:17:14,251 - INFO - 物料记录总数: 300
2025-05-06 14:17:14,251 - INFO - 产品数量总和: 243842.20320940058
2025-05-06 14:17:14,251 - INFO - 合格产品数量总和: 230101.6709342525
2025-05-06 14:17:14,251 - INFO - 批次数量: 92
2025-05-06 14:17:14,251 - INFO - 
=== 人员操作数据检查 ===
2025-05-06 14:17:14,251 - INFO - 操作记录总数: 500
2025-05-06 14:17:14,251 - INFO - 操作时长范围: -5.123248882496767 - 84.58956428175897
2025-05-06 14:17:14,255 - INFO - 质检结果分布:
质检结果
NG      68
合格      65
OK      62
PASS    61
不合格     53
FAIL    52
Name: count, dtype: int64
2025-05-06 14:17:14,255 - INFO - 
=== OEE计算详情 ===
2025-05-06 14:17:14,259 - INFO - 
总计划时间: 1592045.16小时
2025-05-06 14:17:14,259 - INFO - 总运行时间: 1591510.18小时
2025-05-06 14:17:14,259 - INFO - 总停机时间: 534.98小时
2025-05-06 14:17:14,259 - INFO - 可用性: 99.97%
2025-05-06 14:17:14,259 - INFO - 
实际产出: 243842.20
2025-05-06 14:17:14,259 - INFO - 理论产出: 4172874713.16
2025-05-06 14:17:14,259 - INFO - 性能效率: 0.01%
2025-05-06 14:17:14,259 - INFO - 
总产品数: 243842.20
2025-05-06 14:17:14,259 - INFO - 合格品数: 230101.67
2025-05-06 14:17:14,259 - INFO - 质量率: 94.36%
2025-05-06 14:17:14,259 - INFO - 
OEE = 99.97% × 0.01% × 94.36% = 0.01%
2025-05-06 14:17:14,259 - INFO - 
=== TEEP计算详情 ===
2025-05-06 14:17:14,259 - INFO - 
=== OEE计算详情 ===
2025-05-06 14:17:14,263 - INFO - 
总计划时间: 1592045.16小时
2025-05-06 14:17:14,263 - INFO - 总运行时间: 1591510.18小时
2025-05-06 14:17:14,263 - INFO - 总停机时间: 534.98小时
2025-05-06 14:17:14,263 - INFO - 可用性: 99.97%
2025-05-06 14:17:14,267 - INFO - 
实际产出: 243842.20
2025-05-06 14:17:14,267 - INFO - 理论产出: 4172874713.16
2025-05-06 14:17:14,267 - INFO - 性能效率: 0.01%
2025-05-06 14:17:14,267 - INFO - 
总产品数: 243842.20
2025-05-06 14:17:14,267 - INFO - 合格品数: 230101.67
2025-05-06 14:17:14,267 - INFO - 质量率: 94.36%
2025-05-06 14:17:14,267 - INFO - 
OEE = 99.97% × 0.01% × 94.36% = 0.01%
2025-05-06 14:17:14,271 - INFO - 日历时间: 8049.96小时
2025-05-06 14:17:14,271 - INFO - 计划生产时间: 610053.30小时
2025-05-06 14:17:14,271 - INFO - 设备利用率: 7578.34%
2025-05-06 14:17:14,271 - INFO - TEEP = 0.01% × 7578.34% = 0.42%
2025-05-06 14:17:28,493 - INFO - 
=== 设备数据检查 ===
2025-05-06 14:17:28,493 - INFO - 设备总记录数: 1000
2025-05-06 14:17:28,493 - INFO - 唯一设备数: 4
2025-05-06 14:17:28,497 - INFO - 设备状态分布:
状态
运行     139
已停机    136
待机     128
故障中    126
故障     115
停机     114
运行中    108
Name: count, dtype: int64
2025-05-06 14:17:28,497 - INFO - 总运行时间范围: 1009.966051983727 - 4972.995522818006
2025-05-06 14:17:28,497 - INFO - 故障持续时间范围: 0.0 - 13.76905433286225
2025-05-06 14:17:28,497 - INFO - 
=== 物料数据检查 ===
2025-05-06 14:17:28,497 - INFO - 物料记录总数: 300
2025-05-06 14:17:28,497 - INFO - 产品数量总和: 243842.20320940058
2025-05-06 14:17:28,497 - INFO - 合格产品数量总和: 230101.6709342525
2025-05-06 14:17:28,497 - INFO - 批次数量: 92
2025-05-06 14:17:28,497 - INFO - 
=== 人员操作数据检查 ===
2025-05-06 14:17:28,497 - INFO - 操作记录总数: 500
2025-05-06 14:17:28,497 - INFO - 操作时长范围: -5.123248882496767 - 84.58956428175897
2025-05-06 14:17:28,497 - INFO - 质检结果分布:
质检结果
NG      68
合格      65
OK      62
PASS    61
不合格     53
FAIL    52
Name: count, dtype: int64
2025-05-06 14:17:28,497 - INFO - 
=== OEE计算详情 ===
2025-05-06 14:17:28,501 - INFO - 
总计划时间: 1592045.16小时
2025-05-06 14:17:28,501 - INFO - 总运行时间: 1591510.18小时
2025-05-06 14:17:28,501 - INFO - 总停机时间: 534.98小时
2025-05-06 14:17:28,501 - INFO - 可用性: 99.97%
2025-05-06 14:17:28,501 - INFO - 
实际产出: 243842.20
2025-05-06 14:17:28,501 - INFO - 理论产出: 4172874713.16
2025-05-06 14:17:28,501 - INFO - 性能效率: 0.01%
2025-05-06 14:17:28,501 - INFO - 
总产品数: 243842.20
2025-05-06 14:17:28,501 - INFO - 合格品数: 230101.67
2025-05-06 14:17:28,501 - INFO - 质量率: 94.36%
2025-05-06 14:17:28,501 - INFO - 
OEE = 99.97% × 0.01% × 94.36% = 0.01%
2025-05-06 14:17:28,501 - INFO - 
=== TEEP计算详情 ===
2025-05-06 14:17:28,501 - INFO - 
=== OEE计算详情 ===
2025-05-06 14:17:28,505 - INFO - 
总计划时间: 1592045.16小时
2025-05-06 14:17:28,505 - INFO - 总运行时间: 1591510.18小时
2025-05-06 14:17:28,505 - INFO - 总停机时间: 534.98小时
2025-05-06 14:17:28,505 - INFO - 可用性: 99.97%
2025-05-06 14:17:28,505 - INFO - 
实际产出: 243842.20
2025-05-06 14:17:28,505 - INFO - 理论产出: 4172874713.16
2025-05-06 14:17:28,505 - INFO - 性能效率: 0.01%
2025-05-06 14:17:28,505 - INFO - 
总产品数: 243842.20
2025-05-06 14:17:28,505 - INFO - 合格品数: 230101.67
2025-05-06 14:17:28,505 - INFO - 质量率: 94.36%
2025-05-06 14:17:28,505 - INFO - 
OEE = 99.97% × 0.01% × 94.36% = 0.01%
2025-05-06 14:17:28,505 - INFO - 日历时间: 8049.96小时
2025-05-06 14:17:28,505 - INFO - 计划生产时间: 610053.30小时
2025-05-06 14:17:28,505 - INFO - 设备利用率: 7578.34%
2025-05-06 14:17:28,505 - INFO - TEEP = 0.01% × 7578.34% = 0.42%
2025-05-06 14:17:55,559 - INFO - 
=== 设备数据检查 ===
2025-05-06 14:17:55,559 - INFO - 设备总记录数: 1000
2025-05-06 14:17:55,559 - INFO - 唯一设备数: 4
2025-05-06 14:17:55,559 - INFO - 设备状态分布:
状态
运行     139
已停机    136
待机     128
故障中    126
故障     115
停机     114
运行中    108
Name: count, dtype: int64
2025-05-06 14:17:55,559 - INFO - 总运行时间范围: 1009.966051983727 - 4972.995522818006
2025-05-06 14:17:55,559 - INFO - 故障持续时间范围: 0.0 - 13.76905433286225
2025-05-06 14:17:55,559 - INFO - 
=== 物料数据检查 ===
2025-05-06 14:17:55,559 - INFO - 物料记录总数: 300
2025-05-06 14:17:55,559 - INFO - 产品数量总和: 243842.20320940058
2025-05-06 14:17:55,559 - INFO - 合格产品数量总和: 230101.6709342525
2025-05-06 14:17:55,559 - INFO - 批次数量: 92
2025-05-06 14:17:55,559 - INFO - 
=== 人员操作数据检查 ===
2025-05-06 14:17:55,559 - INFO - 操作记录总数: 500
2025-05-06 14:17:55,559 - INFO - 操作时长范围: -5.123248882496767 - 84.58956428175897
2025-05-06 14:17:55,559 - INFO - 质检结果分布:
质检结果
NG      68
合格      65
OK      62
PASS    61
不合格     53
FAIL    52
Name: count, dtype: int64
2025-05-06 14:17:55,559 - INFO - 
=== OEE计算详情 ===
2025-05-06 14:17:55,559 - INFO - 
总计划时间: 1592045.16小时
2025-05-06 14:17:55,559 - INFO - 总运行时间: 1591510.18小时
2025-05-06 14:17:55,559 - INFO - 总停机时间: 534.98小时
2025-05-06 14:17:55,559 - INFO - 可用性: 99.97%
2025-05-06 14:17:55,559 - INFO - 
实际产出: 243842.20
2025-05-06 14:17:55,559 - INFO - 理论产出: 4172874713.16
2025-05-06 14:17:55,559 - INFO - 性能效率: 0.01%
2025-05-06 14:17:55,559 - INFO - 
总产品数: 243842.20
2025-05-06 14:17:55,559 - INFO - 合格品数: 230101.67
2025-05-06 14:17:55,559 - INFO - 质量率: 94.36%
2025-05-06 14:17:55,559 - INFO - 
OEE = 99.97% × 0.01% × 94.36% = 0.01%
2025-05-06 14:17:55,559 - INFO - 
=== TEEP计算详情 ===
2025-05-06 14:17:55,559 - INFO - 
=== OEE计算详情 ===
2025-05-06 14:17:55,559 - INFO - 
总计划时间: 1592045.16小时
2025-05-06 14:17:55,559 - INFO - 总运行时间: 1591510.18小时
2025-05-06 14:17:55,559 - INFO - 总停机时间: 534.98小时
2025-05-06 14:17:55,559 - INFO - 可用性: 99.97%
2025-05-06 14:17:55,559 - INFO - 
实际产出: 243842.20
2025-05-06 14:17:55,559 - INFO - 理论产出: 4172874713.16
2025-05-06 14:17:55,559 - INFO - 性能效率: 0.01%
2025-05-06 14:17:55,559 - INFO - 
总产品数: 243842.20
2025-05-06 14:17:55,559 - INFO - 合格品数: 230101.67
2025-05-06 14:17:55,559 - INFO - 质量率: 94.36%
2025-05-06 14:17:55,559 - INFO - 
OEE = 99.97% × 0.01% × 94.36% = 0.01%
2025-05-06 14:17:55,559 - INFO - 日历时间: 8049.96小时
2025-05-06 14:17:55,559 - INFO - 计划生产时间: 610053.30小时
2025-05-06 14:17:55,559 - INFO - 设备利用率: 7578.34%
2025-05-06 14:17:55,559 - INFO - TEEP = 0.01% × 7578.34% = 0.42%
2025-05-06 14:25:00,800 - INFO - 
=== 设备数据检查 ===
2025-05-06 14:25:00,800 - INFO - 设备总记录数: 1000
2025-05-06 14:25:00,800 - INFO - 唯一设备数: 4
2025-05-06 14:25:00,800 - INFO - 设备状态分布:
状态
待机     142
已停机    135
运行     126
故障     123
故障中    120
停机     112
运行中     85
Name: count, dtype: int64
2025-05-06 14:25:00,800 - INFO - 总运行时间范围: 4.017880102810425 - 11.98353846024282
2025-05-06 14:25:00,800 - INFO - 故障持续时间范围: 0.0 - 2.184067256424279
2025-05-06 14:25:00,800 - INFO - 
=== 物料数据检查 ===
2025-05-06 14:25:00,800 - INFO - 物料记录总数: 300
2025-05-06 14:25:00,800 - INFO - 产品数量总和: 240515.69938939752
2025-05-06 14:25:00,800 - INFO - 合格产品数量总和: 221318.66992535637
2025-05-06 14:25:00,800 - INFO - 批次数量: 91
2025-05-06 14:25:00,800 - INFO - 
=== 人员操作数据检查 ===
2025-05-06 14:25:00,800 - INFO - 操作记录总数: 500
2025-05-06 14:25:00,800 - INFO - 操作时长范围: 11.90842966499905 - 89.05517729835506
2025-05-06 14:25:00,800 - INFO - 质检结果分布:
质检结果
NG      71
OK      66
PASS    66
FAIL    57
不合格     56
合格      37
Name: count, dtype: int64
2025-05-06 14:25:00,800 - INFO - 
=== OEE计算详情 ===
2025-05-06 14:25:00,808 - INFO - 
总计划时间: 4268.68小时
2025-05-06 14:25:00,808 - INFO - 总运行时间: 4150.52小时
2025-05-06 14:25:00,808 - INFO - 总停机时间: 118.16小时
2025-05-06 14:25:00,808 - INFO - 可用性: 97.23%
2025-05-06 14:25:00,808 - INFO - 
实际产出: 240515.70
2025-05-06 14:25:00,808 - INFO - 理论产出: 10850716.08
2025-05-06 14:25:00,808 - INFO - 性能效率: 2.22%
2025-05-06 14:25:00,808 - INFO - 
总产品数: 240515.70
2025-05-06 14:25:00,808 - INFO - 合格品数: 221318.67
2025-05-06 14:25:00,808 - INFO - 质量率: 92.02%
2025-05-06 14:25:00,808 - INFO - 
OEE = 97.23% × 2.22% × 92.02% = 1.98%
2025-05-06 14:25:00,808 - INFO - 
=== TEEP计算详情 ===
2025-05-06 14:25:00,808 - INFO - 
=== OEE计算详情 ===
2025-05-06 14:25:00,812 - INFO - 
总计划时间: 4268.68小时
2025-05-06 14:25:00,812 - INFO - 总运行时间: 4150.52小时
2025-05-06 14:25:00,812 - INFO - 总停机时间: 118.16小时
2025-05-06 14:25:00,812 - INFO - 可用性: 97.23%
2025-05-06 14:25:00,812 - INFO - 
实际产出: 240515.70
2025-05-06 14:25:00,812 - INFO - 理论产出: 10850716.08
2025-05-06 14:25:00,812 - INFO - 性能效率: 2.22%
2025-05-06 14:25:00,812 - INFO - 
总产品数: 240515.70
2025-05-06 14:25:00,812 - INFO - 合格品数: 221318.67
2025-05-06 14:25:00,812 - INFO - 质量率: 92.02%
2025-05-06 14:25:00,812 - INFO - 
OEE = 97.23% × 2.22% × 92.02% = 1.98%
2025-05-06 14:25:00,812 - INFO - 日历时间: 8049.99小时
2025-05-06 14:25:00,812 - INFO - 计划生产时间: 1457.58小时
2025-05-06 14:25:00,812 - INFO - 设备利用率: 18.11%
2025-05-06 14:25:00,812 - INFO - TEEP = 1.98% × 18.11% = 0.36%
2025-05-06 14:27:54,080 - INFO - 
=== 设备数据检查 ===
2025-05-06 14:27:54,080 - INFO - 设备总记录数: 1000
2025-05-06 14:27:54,080 - INFO - 唯一设备数: 4
2025-05-06 14:27:54,080 - INFO - 设备状态分布:
状态
待机     142
已停机    135
运行     126
故障     123
故障中    120
停机     112
运行中     85
Name: count, dtype: int64
2025-05-06 14:27:54,080 - INFO - 总运行时间范围: 4.017880102810425 - 11.98353846024282
2025-05-06 14:27:54,080 - INFO - 故障持续时间范围: 0.0 - 2.184067256424279
2025-05-06 14:27:54,080 - INFO - 
=== 物料数据检查 ===
2025-05-06 14:27:54,080 - INFO - 物料记录总数: 300
2025-05-06 14:27:54,080 - INFO - 产品数量总和: 240515.69938939752
2025-05-06 14:27:54,080 - INFO - 合格产品数量总和: 221318.66992535637
2025-05-06 14:27:54,080 - INFO - 批次数量: 91
2025-05-06 14:27:54,080 - INFO - 
=== 人员操作数据检查 ===
2025-05-06 14:27:54,080 - INFO - 操作记录总数: 500
2025-05-06 14:27:54,080 - INFO - 操作时长范围: 11.90842966499905 - 89.05517729835506
2025-05-06 14:27:54,080 - INFO - 质检结果分布:
质检结果
NG      71
OK      66
PASS    66
FAIL    57
不合格     56
合格      37
Name: count, dtype: int64
2025-05-06 14:27:54,080 - INFO - 
=== OEE计算详情 ===
2025-05-06 14:27:54,080 - INFO - 
总计划时间: 35.93小时
2025-05-06 14:27:54,080 - INFO - 总运行时间: 35.93小时
2025-05-06 14:27:54,080 - INFO - 总停机时间: 0.00小时
2025-05-06 14:27:54,080 - INFO - 可用性: 100.00%
2025-05-06 14:27:54,080 - INFO - 
实际产出: 240515.70
2025-05-06 14:27:54,080 - INFO - 理论产出: 1221.00
2025-05-06 14:27:54,080 - INFO - 性能效率: 19698.18%
2025-05-06 14:27:54,080 - INFO - 
总产品数: 240515.70
2025-05-06 14:27:54,080 - INFO - 合格品数: 221318.67
2025-05-06 14:27:54,080 - INFO - 质量率: 92.02%
2025-05-06 14:27:54,080 - INFO - 
OEE = 100.00% × 19698.18% × 92.02% = 18125.94%
2025-05-06 14:27:54,080 - INFO - 
=== TEEP计算详情 ===
2025-05-06 14:27:54,080 - INFO - 
=== OEE计算详情 ===
2025-05-06 14:27:54,095 - INFO - 
总计划时间: 35.93小时
2025-05-06 14:27:54,095 - INFO - 总运行时间: 35.93小时
2025-05-06 14:27:54,095 - INFO - 总停机时间: 0.00小时
2025-05-06 14:27:54,095 - INFO - 可用性: 100.00%
2025-05-06 14:27:54,095 - INFO - 
实际产出: 240515.70
2025-05-06 14:27:54,095 - INFO - 理论产出: 1221.00
2025-05-06 14:27:54,095 - INFO - 性能效率: 19698.18%
2025-05-06 14:27:54,095 - INFO - 
总产品数: 240515.70
2025-05-06 14:27:54,095 - INFO - 合格品数: 221318.67
2025-05-06 14:27:54,095 - INFO - 质量率: 92.02%
2025-05-06 14:27:54,095 - INFO - 
OEE = 100.00% × 19698.18% × 92.02% = 18125.94%
2025-05-06 14:27:54,095 - INFO - 日历时间: 24.00小时
2025-05-06 14:27:54,095 - INFO - 计划生产时间: 7.93小时
2025-05-06 14:27:54,095 - INFO - 设备利用率: 33.06%
2025-05-06 14:27:54,095 - INFO - TEEP = 18125.94% × 33.06% = 5992.33%
2025-05-06 14:29:10,623 - INFO - 
=== 设备数据检查 ===
2025-05-06 14:29:10,623 - INFO - 设备总记录数: 1000
2025-05-06 14:29:10,623 - INFO - 唯一设备数: 4
2025-05-06 14:29:10,623 - INFO - 设备状态分布:
状态
待机     142
已停机    135
运行     126
故障     123
故障中    120
停机     112
运行中     85
Name: count, dtype: int64
2025-05-06 14:29:10,623 - INFO - 总运行时间范围: 4.017880102810425 - 11.98353846024282
2025-05-06 14:29:10,623 - INFO - 故障持续时间范围: 0.0 - 2.184067256424279
2025-05-06 14:29:10,623 - INFO - 
=== 物料数据检查 ===
2025-05-06 14:29:10,623 - INFO - 物料记录总数: 300
2025-05-06 14:29:10,623 - INFO - 产品数量总和: 240515.69938939752
2025-05-06 14:29:10,623 - INFO - 合格产品数量总和: 221318.66992535637
2025-05-06 14:29:10,623 - INFO - 批次数量: 91
2025-05-06 14:29:10,623 - INFO - 
=== 人员操作数据检查 ===
2025-05-06 14:29:10,623 - INFO - 操作记录总数: 500
2025-05-06 14:29:10,623 - INFO - 操作时长范围: 11.90842966499905 - 89.05517729835506
2025-05-06 14:29:10,626 - INFO - 质检结果分布:
质检结果
NG      71
OK      66
PASS    66
FAIL    57
不合格     56
合格      37
Name: count, dtype: int64
2025-05-06 14:29:10,626 - INFO - 
=== OEE计算详情 ===
2025-05-06 14:29:10,628 - INFO - 
总计划时间: 35.93小时
2025-05-06 14:29:10,628 - INFO - 总运行时间: 35.93小时
2025-05-06 14:29:10,628 - INFO - 总停机时间: 0.00小时
2025-05-06 14:29:10,628 - INFO - 可用性: 100.00%
2025-05-06 14:29:10,628 - INFO - 
实际产出: 240515.70
2025-05-06 14:29:10,628 - INFO - 理论产出: 1221.00
2025-05-06 14:29:10,628 - INFO - 性能效率: 100.00%
2025-05-06 14:29:10,632 - INFO - 
总产品数: 240515.70
2025-05-06 14:29:10,632 - INFO - 合格品数: 221318.67
2025-05-06 14:29:10,632 - INFO - 质量率: 92.02%
2025-05-06 14:29:10,632 - INFO - 
OEE = 100.00% × 100.00% × 92.02% = 92.02%
2025-05-06 14:29:10,632 - INFO - 
=== TEEP计算详情 ===
2025-05-06 14:29:10,632 - INFO - 
=== OEE计算详情 ===
2025-05-06 14:29:10,635 - INFO - 
总计划时间: 35.93小时
2025-05-06 14:29:10,635 - INFO - 总运行时间: 35.93小时
2025-05-06 14:29:10,635 - INFO - 总停机时间: 0.00小时
2025-05-06 14:29:10,635 - INFO - 可用性: 100.00%
2025-05-06 14:29:10,635 - INFO - 
实际产出: 240515.70
2025-05-06 14:29:10,635 - INFO - 理论产出: 1221.00
2025-05-06 14:29:10,635 - INFO - 性能效率: 100.00%
2025-05-06 14:29:10,635 - INFO - 
总产品数: 240515.70
2025-05-06 14:29:10,635 - INFO - 合格品数: 221318.67
2025-05-06 14:29:10,635 - INFO - 质量率: 92.02%
2025-05-06 14:29:10,635 - INFO - 
OEE = 100.00% × 100.00% × 92.02% = 92.02%
2025-05-06 14:29:10,638 - INFO - 日历时间: 24.00小时
2025-05-06 14:29:10,638 - INFO - 计划生产时间: 7.93小时
2025-05-06 14:29:10,638 - INFO - 设备利用率: 33.06%
2025-05-06 14:29:10,638 - INFO - TEEP = 92.02% × 33.06% = 30.42%
2025-05-06 14:32:43,992 - INFO - 
=== 设备数据检查 ===
2025-05-06 14:32:43,993 - INFO - 设备总记录数: 1000
2025-05-06 14:32:43,993 - INFO - 唯一设备数: 4
2025-05-06 14:32:43,994 - INFO - 设备状态分布:
状态
停机     137
已停机    131
运行     125
故障     123
待机     121
运行中    112
故障中    103
Name: count, dtype: int64
2025-05-06 14:32:43,994 - INFO - 总运行时间范围: 4.02262192977176 - 11.99648755657392
2025-05-06 14:32:43,994 - INFO - 故障持续时间范围: 0.001056976107065603 - 2.36
2025-05-06 14:32:43,994 - INFO - 
=== 物料数据检查 ===
2025-05-06 14:32:43,994 - INFO - 物料记录总数: 300
2025-05-06 14:32:43,994 - INFO - 产品数量总和: 242714.27025743586
2025-05-06 14:32:43,994 - INFO - 合格产品数量总和: 232795.93602583528
2025-05-06 14:32:43,994 - INFO - 批次数量: 95
2025-05-06 14:32:43,994 - INFO - 
=== 人员操作数据检查 ===
2025-05-06 14:32:43,994 - INFO - 操作记录总数: 500
2025-05-06 14:32:43,995 - INFO - 操作时长范围: 7.001649981686305 - 8.997767161033757
2025-05-06 14:32:43,995 - INFO - 质检结果分布:
质检结果
FAIL    70
OK      64
PASS    64
不合格     60
合格      58
NG      56
Name: count, dtype: int64
2025-05-06 14:32:43,995 - INFO - 
=== OEE计算详情 ===
2025-05-06 14:32:43,997 - INFO - 
总计划时间: 33.61小时
2025-05-06 14:32:43,997 - INFO - 总运行时间: 31.96小时
2025-05-06 14:32:43,997 - INFO - 总停机时间: 1.65小时
2025-05-06 14:32:43,997 - INFO - 可用性: 95.09%
2025-05-06 14:32:44,003 - INFO - 
实际产出: 867.93
2025-05-06 14:32:44,003 - INFO - 理论产出: 4718.62
2025-05-06 14:32:44,003 - INFO - 性能效率: 18.39%
2025-05-06 14:32:44,003 - INFO - 
总产品数: 867.93
2025-05-06 14:32:44,003 - INFO - 合格品数: 867.93
2025-05-06 14:32:44,003 - INFO - 质量率: 100.00%
2025-05-06 14:32:44,003 - INFO - 
OEE = 95.09% × 18.39% × 100.00% = 17.49%
2025-05-06 14:32:44,003 - INFO - 
=== TEEP计算详情 ===
2025-05-06 14:32:44,003 - INFO - 
=== OEE计算详情 ===
2025-05-06 14:32:44,003 - INFO - 
总计划时间: 33.61小时
2025-05-06 14:32:44,003 - INFO - 总运行时间: 31.96小时
2025-05-06 14:32:44,003 - INFO - 总停机时间: 1.65小时
2025-05-06 14:32:44,003 - INFO - 可用性: 95.09%
2025-05-06 14:32:44,003 - INFO - 
实际产出: 867.93
2025-05-06 14:32:44,003 - INFO - 理论产出: 4718.62
2025-05-06 14:32:44,003 - INFO - 性能效率: 18.39%
2025-05-06 14:32:44,003 - INFO - 
总产品数: 867.93
2025-05-06 14:32:44,003 - INFO - 合格品数: 867.93
2025-05-06 14:32:44,003 - INFO - 质量率: 100.00%
2025-05-06 14:32:44,003 - INFO - 
OEE = 95.09% × 18.39% × 100.00% = 17.49%
2025-05-06 14:32:44,003 - INFO - 日历时间: 24.00小时
2025-05-06 14:32:44,003 - INFO - 计划生产时间: 11.55小时
2025-05-06 14:32:44,003 - INFO - 设备利用率: 48.13%
2025-05-06 14:32:44,012 - INFO - TEEP = 17.49% × 48.13% = 8.42%
2025-05-06 14:36:59,822 - INFO - 
=== 设备数据检查 ===
2025-05-06 14:36:59,822 - INFO - 设备总记录数: 1000
2025-05-06 14:36:59,822 - INFO - 唯一设备数: 4
2025-05-06 14:36:59,822 - INFO - 设备状态分布:
状态
运行     302
运行中    213
待机     139
故障中     66
故障      65
停机      43
已停机     33
Name: count, dtype: int64
2025-05-06 14:36:59,822 - INFO - 总运行时间范围: 4.001047959841912 - 11.95092138384039
2025-05-06 14:36:59,822 - INFO - 故障持续时间范围: 0.0006458854934366648 - 2.337846525095626
2025-05-06 14:36:59,822 - INFO - 
=== 物料数据检查 ===
2025-05-06 14:36:59,822 - INFO - 物料记录总数: 300
2025-05-06 14:36:59,822 - INFO - 产品数量总和: 245151.99280515313
2025-05-06 14:36:59,822 - INFO - 合格产品数量总和: 220458.98218928598
2025-05-06 14:36:59,822 - INFO - 批次数量: 95
2025-05-06 14:36:59,822 - INFO - 
=== 人员操作数据检查 ===
2025-05-06 14:36:59,822 - INFO - 操作记录总数: 500
2025-05-06 14:36:59,822 - INFO - 操作时长范围: 7.000066553809005 - 8.997539806163305
2025-05-06 14:36:59,822 - INFO - 质检结果分布:
质检结果
不合格     69
OK      68
合格      66
PASS    63
NG      59
FAIL    49
Name: count, dtype: int64
2025-05-06 14:36:59,822 - INFO - 
=== OEE计算详情 ===
2025-05-06 14:36:59,826 - INFO - 
总计划时间: 15.35小时
2025-05-06 14:36:59,826 - INFO - 总运行时间: 14.74小时
2025-05-06 14:36:59,826 - INFO - 总停机时间: 0.62小时
2025-05-06 14:36:59,826 - INFO - 可用性: 95.98%
2025-05-06 14:36:59,826 - INFO - 
实际产出: 843.21
2025-05-06 14:36:59,826 - INFO - 理论产出: 3405.78
2025-05-06 14:36:59,826 - INFO - 性能效率: 24.76%
2025-05-06 14:36:59,832 - INFO - 
总产品数: 843.21
2025-05-06 14:36:59,832 - INFO - 合格品数: 764.82
2025-05-06 14:36:59,832 - INFO - 质量率: 90.70%
2025-05-06 14:36:59,832 - INFO - 
OEE = 95.98% × 24.76% × 90.70% = 21.55%
2025-05-06 14:36:59,832 - INFO - 
=== TEEP计算详情 ===
2025-05-06 14:36:59,832 - INFO - 
=== OEE计算详情 ===
2025-05-06 14:36:59,838 - INFO - 
总计划时间: 15.35小时
2025-05-06 14:36:59,838 - INFO - 总运行时间: 14.74小时
2025-05-06 14:36:59,838 - INFO - 总停机时间: 0.62小时
2025-05-06 14:36:59,838 - INFO - 可用性: 95.98%
2025-05-06 14:36:59,840 - INFO - 
实际产出: 843.21
2025-05-06 14:36:59,840 - INFO - 理论产出: 3405.78
2025-05-06 14:36:59,840 - INFO - 性能效率: 24.76%
2025-05-06 14:36:59,841 - INFO - 
总产品数: 843.21
2025-05-06 14:36:59,841 - INFO - 合格品数: 764.82
2025-05-06 14:36:59,841 - INFO - 质量率: 90.70%
2025-05-06 14:36:59,841 - INFO - 
OEE = 95.98% × 24.76% × 90.70% = 21.55%
2025-05-06 14:36:59,841 - INFO - 日历时间: 24.00小时
2025-05-06 14:36:59,841 - INFO - 计划生产时间: 0.00小时
2025-05-06 14:36:59,841 - INFO - 设备利用率: 0.00%
2025-05-06 14:36:59,841 - INFO - TEEP = 21.55% × 0.00% = 0.00%
2025-05-06 14:45:13,984 - INFO - 
=== 设备数据检查 ===
2025-05-06 14:45:13,984 - INFO - 设备总记录数: 1000
2025-05-06 14:45:13,984 - INFO - 唯一设备数: 4
2025-05-06 14:45:13,984 - INFO - 设备状态分布:
状态
运行     302
运行中    213
待机     139
故障中     66
故障      65
停机      43
已停机     33
Name: count, dtype: int64
2025-05-06 14:45:13,993 - INFO - 总运行时间范围: 4.001047959841912 - 11.95092138384039
2025-05-06 14:45:13,993 - INFO - 故障持续时间范围: 0.0006458854934366648 - 2.337846525095626
2025-05-06 14:45:13,993 - INFO - 
=== 物料数据检查 ===
2025-05-06 14:45:13,993 - INFO - 物料记录总数: 300
2025-05-06 14:45:13,993 - INFO - 产品数量总和: 245151.99280515313
2025-05-06 14:45:13,993 - INFO - 合格产品数量总和: 220458.98218928598
2025-05-06 14:45:13,993 - INFO - 批次数量: 95
2025-05-06 14:45:13,993 - INFO - 
=== 人员操作数据检查 ===
2025-05-06 14:45:13,993 - INFO - 操作记录总数: 500
2025-05-06 14:45:13,993 - INFO - 操作时长范围: 7.000066553809005 - 8.997539806163305
2025-05-06 14:45:13,993 - INFO - 质检结果分布:
质检结果
不合格     69
OK      68
合格      66
PASS    63
NG      59
FAIL    49
Name: count, dtype: int64
2025-05-06 14:45:13,993 - INFO - 
=== OEE计算详情 ===
2025-05-06 14:45:13,993 - INFO - 
总计划时间: 15.35小时
2025-05-06 14:45:13,993 - INFO - 总运行时间: 14.74小时
2025-05-06 14:45:13,993 - INFO - 总停机时间: 0.62小时
2025-05-06 14:45:13,993 - INFO - 可用性: 95.98%
2025-05-06 14:45:14,000 - INFO - 
实际产出: 843.21
2025-05-06 14:45:14,000 - INFO - 理论产出: 3405.78
2025-05-06 14:45:14,000 - INFO - 性能效率: 24.76%
2025-05-06 14:45:14,000 - INFO - 
总产品数: 843.21
2025-05-06 14:45:14,000 - INFO - 合格品数: 764.82
2025-05-06 14:45:14,000 - INFO - 质量率: 90.70%
2025-05-06 14:45:14,000 - INFO - 
OEE = 95.98% × 24.76% × 90.70% = 21.55%
2025-05-06 14:45:14,000 - INFO - 
=== TEEP计算详情 ===
2025-05-06 14:45:14,000 - INFO - 
=== OEE计算详情 ===
2025-05-06 14:45:14,003 - INFO - 
总计划时间: 15.35小时
2025-05-06 14:45:14,003 - INFO - 总运行时间: 14.74小时
2025-05-06 14:45:14,003 - INFO - 总停机时间: 0.62小时
2025-05-06 14:45:14,003 - INFO - 可用性: 95.98%
2025-05-06 14:45:14,003 - INFO - 
实际产出: 843.21
2025-05-06 14:45:14,003 - INFO - 理论产出: 3405.78
2025-05-06 14:45:14,003 - INFO - 性能效率: 24.76%
2025-05-06 14:45:14,003 - INFO - 
总产品数: 843.21
2025-05-06 14:45:14,003 - INFO - 合格品数: 764.82
2025-05-06 14:45:14,003 - INFO - 质量率: 90.70%
2025-05-06 14:45:14,003 - INFO - 
OEE = 95.98% × 24.76% × 90.70% = 21.55%
2025-05-06 14:45:14,003 - INFO - 日历时间: 24.00小时
2025-05-06 14:45:14,003 - INFO - 计划生产时间: 15.35小时
2025-05-06 14:45:14,003 - INFO - 设备利用率: 63.97%
2025-05-06 14:45:14,003 - INFO - TEEP = 21.55% × 63.97% = 13.79%
2025-05-06 15:31:14,115 - INFO - 
=== 设备数据检查 ===
2025-05-06 15:31:14,115 - INFO - 设备总记录数: 1000
2025-05-06 15:31:14,118 - INFO - 唯一设备数: 4
2025-05-06 15:31:14,118 - INFO - 设备状态分布:
状态
运行     302
运行中    213
待机     139
故障中     66
故障      65
停机      43
已停机     33
Name: count, dtype: int64
2025-05-06 15:31:14,119 - INFO - 总运行时间范围: 4.001047959841912 - 11.95092138384039
2025-05-06 15:31:14,119 - INFO - 故障持续时间范围: 0.0006458854934366648 - 2.337846525095626
2025-05-06 15:31:14,119 - INFO - 
=== 物料数据检查 ===
2025-05-06 15:31:14,119 - INFO - 物料记录总数: 300
2025-05-06 15:31:14,119 - INFO - 产品数量总和: 245151.99280515313
2025-05-06 15:31:14,119 - INFO - 合格产品数量总和: 220458.98218928598
2025-05-06 15:31:14,119 - INFO - 批次数量: 95
2025-05-06 15:31:14,119 - INFO - 
=== 人员操作数据检查 ===
2025-05-06 15:31:14,119 - INFO - 操作记录总数: 500
2025-05-06 15:31:14,119 - INFO - 操作时长范围: 7.000066553809005 - 8.997539806163305
2025-05-06 15:31:14,119 - INFO - 质检结果分布:
质检结果
不合格     69
OK      68
合格      66
PASS    63
NG      59
FAIL    49
Name: count, dtype: int64
2025-05-06 15:31:14,119 - INFO - 
=== OEE计算详情 ===
2025-05-06 15:31:14,123 - INFO - 
总计划时间: 15.35小时
2025-05-06 15:31:14,123 - INFO - 总运行时间: 14.74小时
2025-05-06 15:31:14,123 - INFO - 总停机时间: 0.62小时
2025-05-06 15:31:14,123 - INFO - 可用性: 95.98%
2025-05-06 15:31:14,130 - INFO - 
实际产出: 843.21
2025-05-06 15:31:14,130 - INFO - 理论产出: 3405.78
2025-05-06 15:31:14,130 - INFO - 性能效率: 24.76%
2025-05-06 15:31:14,130 - INFO - 
总产品数: 843.21
2025-05-06 15:31:14,130 - INFO - 合格品数: 764.82
2025-05-06 15:31:14,130 - INFO - 质量率: 90.70%
2025-05-06 15:31:14,130 - INFO - 
OEE = 95.98% × 24.76% × 90.70% = 21.55%
2025-05-06 15:31:14,130 - INFO - 
=== TEEP计算详情 ===
2025-05-06 15:31:14,130 - INFO - 
=== OEE计算详情 ===
2025-05-06 15:31:14,131 - INFO - 
总计划时间: 15.35小时
2025-05-06 15:31:14,131 - INFO - 总运行时间: 14.74小时
2025-05-06 15:31:14,131 - INFO - 总停机时间: 0.62小时
2025-05-06 15:31:14,131 - INFO - 可用性: 95.98%
2025-05-06 15:31:14,135 - INFO - 
实际产出: 843.21
2025-05-06 15:31:14,135 - INFO - 理论产出: 3405.78
2025-05-06 15:31:14,135 - INFO - 性能效率: 24.76%
2025-05-06 15:31:14,135 - INFO - 
总产品数: 843.21
2025-05-06 15:31:14,135 - INFO - 合格品数: 764.82
2025-05-06 15:31:14,135 - INFO - 质量率: 90.70%
2025-05-06 15:31:14,135 - INFO - 
OEE = 95.98% × 24.76% × 90.70% = 21.55%
2025-05-06 15:31:14,135 - INFO - 日历时间: 24.00小时
2025-05-06 15:31:14,135 - INFO - 计划生产时间: 15.35小时
2025-05-06 15:31:14,135 - INFO - 设备利用率: 63.97%
2025-05-06 15:31:14,135 - INFO - TEEP = 21.55% × 63.97% = 13.79%
